  sample.cpp
D:\OSU\CS 550 - Computer Graphics\Project\final\SampleFreeGlut2019\sample.cpp(497,15): warning C4244: '=': 將 'double' 轉換為 'float'，由於類型不同，可能導致資料遺失
D:\OSU\CS 550 - Computer Graphics\Project\final\SampleFreeGlut2019\sample.cpp(500,15): warning C4244: '=': 將 'double' 轉換為 'float'，由於類型不同，可能導致資料遺失
D:\OSU\CS 550 - Computer Graphics\Project\final\SampleFreeGlut2019\sample.cpp(503,15): warning C4244: '=': 將 'double' 轉換為 'float'，由於類型不同，可能導致資料遺失
D:\OSU\CS 550 - Computer Graphics\Project\final\SampleFreeGlut2019\sample.cpp(521,16): warning C4244: '=': 將 'double' 轉換為 'float'，由於類型不同，可能導致資料遺失
D:\OSU\CS 550 - Computer Graphics\Project\final\SampleFreeGlut2019\sample.cpp(524,16): warning C4244: '=': 將 'double' 轉換為 'float'，由於類型不同，可能導致資料遺失
D:\OSU\CS 550 - Computer Graphics\Project\final\SampleFreeGlut2019\sample.cpp(527,16): warning C4244: '=': 將 'double' 轉換為 'float'，由於類型不同，可能導致資料遺失
D:\OSU\CS 550 - Computer Graphics\Project\final\SampleFreeGlut2019\sample.cpp(540,15): warning C4244: '=': 將 'double' 轉換為 'float'，由於類型不同，可能導致資料遺失
D:\OSU\CS 550 - Computer Graphics\Project\final\SampleFreeGlut2019\sample.cpp(544,16): warning C4244: '=': 將 'double' 轉換為 'float'，由於類型不同，可能導致資料遺失
D:\OSU\CS 550 - Computer Graphics\Project\final\SampleFreeGlut2019\sample.cpp(548,16): warning C4244: '=': 將 'double' 轉換為 'float'，由於類型不同，可能導致資料遺失
D:\OSU\CS 550 - Computer Graphics\Project\final\SampleFreeGlut2019\sample.cpp(971,24): warning C4244: '引數': 將 'double' 轉換為 'int'，由於類型不同，可能導致資料遺失
D:\OSU\CS 550 - Computer Graphics\Project\final\SampleFreeGlut2019\sample.cpp(971,17): warning C4244: '引數': 將 'double' 轉換為 'int'，由於類型不同，可能導致資料遺失
D:\OSU\CS 550 - Computer Graphics\Project\final\SampleFreeGlut2019\sample.cpp(981,60): warning C4244: '引數': 將 'double' 轉換為 'float'，由於類型不同，可能導致資料遺失
D:\OSU\CS 550 - Computer Graphics\Project\final\SampleFreeGlut2019\sample.cpp(981,20): warning C4244: '引數': 將 'double' 轉換為 'float'，由於類型不同，可能導致資料遺失
D:\OSU\CS 550 - Computer Graphics\Project\final\SampleFreeGlut2019\sample.cpp(985,37): warning C4244: '=': 將 'double' 轉換為 'float'，由於類型不同，可能導致資料遺失
D:\OSU\CS 550 - Computer Graphics\Project\final\SampleFreeGlut2019\sample.cpp(987,12): warning C4244: '正在初始化': 將 'double' 轉換為 'float'，由於類型不同，可能導致資料遺失
D:\OSU\CS 550 - Computer Graphics\Project\final\SampleFreeGlut2019\sample.cpp(989,12): warning C4244: '正在初始化': 將 'double' 轉換為 'float'，由於類型不同，可能導致資料遺失
D:\OSU\CS 550 - Computer Graphics\Project\final\SampleFreeGlut2019\sample.cpp(997,59): warning C4244: '引數': 將 'double' 轉換為 'GLfloat'，由於類型不同，可能導致資料遺失
D:\OSU\CS 550 - Computer Graphics\Project\final\SampleFreeGlut2019\sample.cpp(997,18): warning C4244: '引數': 將 'double' 轉換為 'GLfloat'，由於類型不同，可能導致資料遺失
D:\OSU\CS 550 - Computer Graphics\Project\final\SampleFreeGlut2019\sample.cpp(1005,26): warning C4244: '引數': 將 'double' 轉換為 'int'，由於類型不同，可能導致資料遺失
D:\OSU\CS 550 - Computer Graphics\Project\final\SampleFreeGlut2019\sample.cpp(1005,19): warning C4244: '引數': 將 'double' 轉換為 'int'，由於類型不同，可能導致資料遺失
D:\OSU\CS 550 - Computer Graphics\Project\final\SampleFreeGlut2019\sample.cpp(1005,32): warning C4305: '引數': 從 'double' 轉換為 'float'，是由較大的類型轉換為較小的類型，可能導致資料遺失
D:\OSU\CS 550 - Computer Graphics\Project\final\SampleFreeGlut2019\sample.cpp(1012,29): warning C4305: '引數': 從 'double' 轉換為 'GLfloat'，是由較大的類型轉換為較小的類型，可能導致資料遺失
D:\OSU\CS 550 - Computer Graphics\Project\final\SampleFreeGlut2019\sample.cpp(1014,65): warning C4244: '引數': 將 'double' 轉換為 'float'，由於類型不同，可能導致資料遺失
D:\OSU\CS 550 - Computer Graphics\Project\final\SampleFreeGlut2019\sample.cpp(1014,21): warning C4244: '引數': 將 'double' 轉換為 'float'，由於類型不同，可能導致資料遺失
D:\OSU\CS 550 - Computer Graphics\Project\final\SampleFreeGlut2019\sample.cpp(1018,37): warning C4244: '=': 將 'double' 轉換為 'float'，由於類型不同，可能導致資料遺失
D:\OSU\CS 550 - Computer Graphics\Project\final\SampleFreeGlut2019\sample.cpp(1020,12): warning C4244: '正在初始化': 將 'double' 轉換為 'float'，由於類型不同，可能導致資料遺失
D:\OSU\CS 550 - Computer Graphics\Project\final\SampleFreeGlut2019\sample.cpp(1022,12): warning C4244: '正在初始化': 將 'double' 轉換為 'float'，由於類型不同，可能導致資料遺失
D:\OSU\CS 550 - Computer Graphics\Project\final\SampleFreeGlut2019\sample.cpp(1031,28): warning C4305: '引數': 從 'double' 轉換為 'GLfloat'，是由較大的類型轉換為較小的類型，可能導致資料遺失
D:\OSU\CS 550 - Computer Graphics\Project\final\SampleFreeGlut2019\sample.cpp(1032,61): warning C4244: '引數': 將 'double' 轉換為 'GLfloat'，由於類型不同，可能導致資料遺失
D:\OSU\CS 550 - Computer Graphics\Project\final\SampleFreeGlut2019\sample.cpp(1032,18): warning C4244: '引數': 將 'double' 轉換為 'GLfloat'，由於類型不同，可能導致資料遺失
D:\OSU\CS 550 - Computer Graphics\Project\final\SampleFreeGlut2019\sample.cpp(1040,25): warning C4244: '引數': 將 'double' 轉換為 'int'，由於類型不同，可能導致資料遺失
D:\OSU\CS 550 - Computer Graphics\Project\final\SampleFreeGlut2019\sample.cpp(1040,18): warning C4244: '引數': 將 'double' 轉換為 'int'，由於類型不同，可能導致資料遺失
D:\OSU\CS 550 - Computer Graphics\Project\final\SampleFreeGlut2019\sample.cpp(1040,31): warning C4305: '引數': 從 'double' 轉換為 'float'，是由較大的類型轉換為較小的類型，可能導致資料遺失
D:\OSU\CS 550 - Computer Graphics\Project\final\SampleFreeGlut2019\sample.cpp(1053,64): warning C4244: '引數': 將 'double' 轉換為 'float'，由於類型不同，可能導致資料遺失
D:\OSU\CS 550 - Computer Graphics\Project\final\SampleFreeGlut2019\sample.cpp(1053,21): warning C4244: '引數': 將 'double' 轉換為 'float'，由於類型不同，可能導致資料遺失
D:\OSU\CS 550 - Computer Graphics\Project\final\SampleFreeGlut2019\sample.cpp(1058,37): warning C4244: '=': 將 'double' 轉換為 'float'，由於類型不同，可能導致資料遺失
D:\OSU\CS 550 - Computer Graphics\Project\final\SampleFreeGlut2019\sample.cpp(1060,12): warning C4244: '正在初始化': 將 'double' 轉換為 'float'，由於類型不同，可能導致資料遺失
D:\OSU\CS 550 - Computer Graphics\Project\final\SampleFreeGlut2019\sample.cpp(1062,12): warning C4244: '正在初始化': 將 'double' 轉換為 'float'，由於類型不同，可能導致資料遺失
D:\OSU\CS 550 - Computer Graphics\Project\final\SampleFreeGlut2019\sample.cpp(1073,61): warning C4244: '引數': 將 'double' 轉換為 'GLfloat'，由於類型不同，可能導致資料遺失
D:\OSU\CS 550 - Computer Graphics\Project\final\SampleFreeGlut2019\sample.cpp(1073,18): warning C4244: '引數': 將 'double' 轉換為 'GLfloat'，由於類型不同，可能導致資料遺失
D:\OSU\CS 550 - Computer Graphics\Project\final\SampleFreeGlut2019\sample.cpp(1076,59): warning C4244: '引數': 將 'double' 轉換為 'GLfloat'，由於類型不同，可能導致資料遺失
D:\OSU\CS 550 - Computer Graphics\Project\final\SampleFreeGlut2019\sample.cpp(1076,19): warning C4244: '引數': 將 'double' 轉換為 'GLfloat'，由於類型不同，可能導致資料遺失
D:\OSU\CS 550 - Computer Graphics\Project\final\SampleFreeGlut2019\sample.cpp(1084,25): warning C4244: '引數': 將 'double' 轉換為 'int'，由於類型不同，可能導致資料遺失
D:\OSU\CS 550 - Computer Graphics\Project\final\SampleFreeGlut2019\sample.cpp(1084,18): warning C4244: '引數': 將 'double' 轉換為 'int'，由於類型不同，可能導致資料遺失
D:\OSU\CS 550 - Computer Graphics\Project\final\SampleFreeGlut2019\sample.cpp(1084,31): warning C4305: '引數': 從 'double' 轉換為 'float'，是由較大的類型轉換為較小的類型，可能導致資料遺失
D:\OSU\CS 550 - Computer Graphics\Project\final\SampleFreeGlut2019\sample.cpp(1094,24): warning C4244: '引數': 將 'double' 轉換為 'int'，由於類型不同，可能導致資料遺失
D:\OSU\CS 550 - Computer Graphics\Project\final\SampleFreeGlut2019\sample.cpp(1094,17): warning C4244: '引數': 將 'double' 轉換為 'int'，由於類型不同，可能導致資料遺失
D:\OSU\CS 550 - Computer Graphics\Project\final\SampleFreeGlut2019\sample.cpp(1102,29): warning C4305: '引數': 從 'double' 轉換為 'GLfloat'，是由較大的類型轉換為較小的類型，可能導致資料遺失
D:\OSU\CS 550 - Computer Graphics\Project\final\SampleFreeGlut2019\sample.cpp(1104,66): warning C4244: '引數': 將 'double' 轉換為 'float'，由於類型不同，可能導致資料遺失
D:\OSU\CS 550 - Computer Graphics\Project\final\SampleFreeGlut2019\sample.cpp(1104,21): warning C4244: '引數': 將 'double' 轉換為 'float'，由於類型不同，可能導致資料遺失
D:\OSU\CS 550 - Computer Graphics\Project\final\SampleFreeGlut2019\sample.cpp(1109,37): warning C4244: '=': 將 'double' 轉換為 'float'，由於類型不同，可能導致資料遺失
D:\OSU\CS 550 - Computer Graphics\Project\final\SampleFreeGlut2019\sample.cpp(1111,12): warning C4244: '正在初始化': 將 'double' 轉換為 'float'，由於類型不同，可能導致資料遺失
D:\OSU\CS 550 - Computer Graphics\Project\final\SampleFreeGlut2019\sample.cpp(1113,12): warning C4244: '正在初始化': 將 'double' 轉換為 'float'，由於類型不同，可能導致資料遺失
D:\OSU\CS 550 - Computer Graphics\Project\final\SampleFreeGlut2019\sample.cpp(1122,28): warning C4305: '引數': 從 'double' 轉換為 'GLfloat'，是由較大的類型轉換為較小的類型，可能導致資料遺失
D:\OSU\CS 550 - Computer Graphics\Project\final\SampleFreeGlut2019\sample.cpp(1123,64): warning C4244: '引數': 將 'double' 轉換為 'GLfloat'，由於類型不同，可能導致資料遺失
D:\OSU\CS 550 - Computer Graphics\Project\final\SampleFreeGlut2019\sample.cpp(1123,18): warning C4244: '引數': 將 'double' 轉換為 'GLfloat'，由於類型不同，可能導致資料遺失
D:\OSU\CS 550 - Computer Graphics\Project\final\SampleFreeGlut2019\sample.cpp(1131,25): warning C4244: '引數': 將 'double' 轉換為 'int'，由於類型不同，可能導致資料遺失
D:\OSU\CS 550 - Computer Graphics\Project\final\SampleFreeGlut2019\sample.cpp(1131,18): warning C4244: '引數': 將 'double' 轉換為 'int'，由於類型不同，可能導致資料遺失
D:\OSU\CS 550 - Computer Graphics\Project\final\SampleFreeGlut2019\sample.cpp(1131,31): warning C4305: '引數': 從 'double' 轉換為 'float'，是由較大的類型轉換為較小的類型，可能導致資料遺失
D:\OSU\CS 550 - Computer Graphics\Project\final\SampleFreeGlut2019\sample.cpp(1141,28): warning C4305: '引數': 從 'double' 轉換為 'GLfloat'，是由較大的類型轉換為較小的類型，可能導致資料遺失
D:\OSU\CS 550 - Computer Graphics\Project\final\SampleFreeGlut2019\sample.cpp(1143,68): warning C4244: '引數': 將 'double' 轉換為 'float'，由於類型不同，可能導致資料遺失
D:\OSU\CS 550 - Computer Graphics\Project\final\SampleFreeGlut2019\sample.cpp(1143,22): warning C4244: '引數': 將 'double' 轉換為 'float'，由於類型不同，可能導致資料遺失
D:\OSU\CS 550 - Computer Graphics\Project\final\SampleFreeGlut2019\sample.cpp(1147,37): warning C4244: '=': 將 'double' 轉換為 'float'，由於類型不同，可能導致資料遺失
D:\OSU\CS 550 - Computer Graphics\Project\final\SampleFreeGlut2019\sample.cpp(1149,12): warning C4244: '正在初始化': 將 'double' 轉換為 'float'，由於類型不同，可能導致資料遺失
D:\OSU\CS 550 - Computer Graphics\Project\final\SampleFreeGlut2019\sample.cpp(1151,12): warning C4244: '正在初始化': 將 'double' 轉換為 'float'，由於類型不同，可能導致資料遺失
D:\OSU\CS 550 - Computer Graphics\Project\final\SampleFreeGlut2019\sample.cpp(1160,27): warning C4305: '引數': 從 'double' 轉換為 'GLfloat'，是由較大的類型轉換為較小的類型，可能導致資料遺失
D:\OSU\CS 550 - Computer Graphics\Project\final\SampleFreeGlut2019\sample.cpp(1161,62): warning C4244: '引數': 將 'double' 轉換為 'GLfloat'，由於類型不同，可能導致資料遺失
D:\OSU\CS 550 - Computer Graphics\Project\final\SampleFreeGlut2019\sample.cpp(1161,19): warning C4244: '引數': 將 'double' 轉換為 'GLfloat'，由於類型不同，可能導致資料遺失
D:\OSU\CS 550 - Computer Graphics\Project\final\SampleFreeGlut2019\sample.cpp(1171,26): warning C4244: '引數': 將 'double' 轉換為 'int'，由於類型不同，可能導致資料遺失
D:\OSU\CS 550 - Computer Graphics\Project\final\SampleFreeGlut2019\sample.cpp(1171,19): warning C4244: '引數': 將 'double' 轉換為 'int'，由於類型不同，可能導致資料遺失
D:\OSU\CS 550 - Computer Graphics\Project\final\SampleFreeGlut2019\sample.cpp(1171,32): warning C4305: '引數': 從 'double' 轉換為 'float'，是由較大的類型轉換為較小的類型，可能導致資料遺失
D:\OSU\CS 550 - Computer Graphics\Project\final\SampleFreeGlut2019\sample.cpp(1179,29): warning C4305: '引數': 從 'double' 轉換為 'GLfloat'，是由較大的類型轉換為較小的類型，可能導致資料遺失
D:\OSU\CS 550 - Computer Graphics\Project\final\SampleFreeGlut2019\sample.cpp(1181,68): warning C4244: '引數': 將 'double' 轉換為 'float'，由於類型不同，可能導致資料遺失
D:\OSU\CS 550 - Computer Graphics\Project\final\SampleFreeGlut2019\sample.cpp(1181,22): warning C4244: '引數': 將 'double' 轉換為 'float'，由於類型不同，可能導致資料遺失
D:\OSU\CS 550 - Computer Graphics\Project\final\SampleFreeGlut2019\sample.cpp(1185,37): warning C4244: '=': 將 'double' 轉換為 'float'，由於類型不同，可能導致資料遺失
D:\OSU\CS 550 - Computer Graphics\Project\final\SampleFreeGlut2019\sample.cpp(1187,12): warning C4244: '正在初始化': 將 'double' 轉換為 'float'，由於類型不同，可能導致資料遺失
D:\OSU\CS 550 - Computer Graphics\Project\final\SampleFreeGlut2019\sample.cpp(1189,12): warning C4244: '正在初始化': 將 'double' 轉換為 'float'，由於類型不同，可能導致資料遺失
D:\OSU\CS 550 - Computer Graphics\Project\final\SampleFreeGlut2019\sample.cpp(1201,27): warning C4305: '引數': 從 'double' 轉換為 'GLfloat'，是由較大的類型轉換為較小的類型，可能導致資料遺失
D:\OSU\CS 550 - Computer Graphics\Project\final\SampleFreeGlut2019\sample.cpp(1202,62): warning C4244: '引數': 將 'double' 轉換為 'GLfloat'，由於類型不同，可能導致資料遺失
D:\OSU\CS 550 - Computer Graphics\Project\final\SampleFreeGlut2019\sample.cpp(1202,19): warning C4244: '引數': 將 'double' 轉換為 'GLfloat'，由於類型不同，可能導致資料遺失
D:\OSU\CS 550 - Computer Graphics\Project\final\SampleFreeGlut2019\sample.cpp(1205,31): warning C4305: '引數': 從 'double' 轉換為 'float'，是由較大的類型轉換為較小的類型，可能導致資料遺失
D:\OSU\CS 550 - Computer Graphics\Project\final\SampleFreeGlut2019\sample.cpp(1209,38): warning C4244: '=': 將 'double' 轉換為 'float'，由於類型不同，可能導致資料遺失
D:\OSU\CS 550 - Computer Graphics\Project\final\SampleFreeGlut2019\sample.cpp(1211,11): warning C4244: '正在初始化': 將 'double' 轉換為 'float'，由於類型不同，可能導致資料遺失
D:\OSU\CS 550 - Computer Graphics\Project\final\SampleFreeGlut2019\sample.cpp(1213,11): warning C4244: '正在初始化': 將 'double' 轉換為 'float'，由於類型不同，可能導致資料遺失
D:\OSU\CS 550 - Computer Graphics\Project\final\SampleFreeGlut2019\sample.cpp(1227,26): warning C4244: '引數': 將 'double' 轉換為 'int'，由於類型不同，可能導致資料遺失
D:\OSU\CS 550 - Computer Graphics\Project\final\SampleFreeGlut2019\sample.cpp(1227,19): warning C4244: '引數': 將 'double' 轉換為 'int'，由於類型不同，可能導致資料遺失
D:\OSU\CS 550 - Computer Graphics\Project\final\SampleFreeGlut2019\sample.cpp(1227,32): warning C4305: '引數': 從 'double' 轉換為 'float'，是由較大的類型轉換為較小的類型，可能導致資料遺失
D:\OSU\CS 550 - Computer Graphics\Project\final\SampleFreeGlut2019\sample.cpp(1234,29): warning C4305: '引數': 從 'double' 轉換為 'GLfloat'，是由較大的類型轉換為較小的類型，可能導致資料遺失
D:\OSU\CS 550 - Computer Graphics\Project\final\SampleFreeGlut2019\sample.cpp(1236,67): warning C4244: '引數': 將 'double' 轉換為 'float'，由於類型不同，可能導致資料遺失
D:\OSU\CS 550 - Computer Graphics\Project\final\SampleFreeGlut2019\sample.cpp(1236,22): warning C4244: '引數': 將 'double' 轉換為 'float'，由於類型不同，可能導致資料遺失
D:\OSU\CS 550 - Computer Graphics\Project\final\SampleFreeGlut2019\sample.cpp(1240,37): warning C4244: '=': 將 'double' 轉換為 'float'，由於類型不同，可能導致資料遺失
D:\OSU\CS 550 - Computer Graphics\Project\final\SampleFreeGlut2019\sample.cpp(1242,12): warning C4244: '正在初始化': 將 'double' 轉換為 'float'，由於類型不同，可能導致資料遺失
D:\OSU\CS 550 - Computer Graphics\Project\final\SampleFreeGlut2019\sample.cpp(1244,12): warning C4244: '正在初始化': 將 'double' 轉換為 'float'，由於類型不同，可能導致資料遺失
D:\OSU\CS 550 - Computer Graphics\Project\final\SampleFreeGlut2019\sample.cpp(1253,28): warning C4305: '引數': 從 'double' 轉換為 'GLfloat'，是由較大的類型轉換為較小的類型，可能導致資料遺失
D:\OSU\CS 550 - Computer Graphics\Project\final\SampleFreeGlut2019\sample.cpp(1254,62): warning C4244: '引數': 將 'double' 轉換為 'GLfloat'，由於類型不同，可能導致資料遺失
D:\OSU\CS 550 - Computer Graphics\Project\final\SampleFreeGlut2019\sample.cpp(1254,19): warning C4244: '引數': 將 'double' 轉換為 'GLfloat'，由於類型不同，可能導致資料遺失
D:\OSU\CS 550 - Computer Graphics\Project\final\SampleFreeGlut2019\sample.cpp(1262,24): warning C4244: '引數': 將 'double' 轉換為 'int'，由於類型不同，可能導致資料遺失
D:\OSU\CS 550 - Computer Graphics\Project\final\SampleFreeGlut2019\sample.cpp(1262,17): warning C4244: '引數': 將 'double' 轉換為 'int'，由於類型不同，可能導致資料遺失
D:\OSU\CS 550 - Computer Graphics\Project\final\SampleFreeGlut2019\sample.cpp(1269,29): warning C4305: '引數': 從 'double' 轉換為 'GLfloat'，是由較大的類型轉換為較小的類型，可能導致資料遺失
D:\OSU\CS 550 - Computer Graphics\Project\final\SampleFreeGlut2019\sample.cpp(1271,67): warning C4244: '引數': 將 'double' 轉換為 'float'，由於類型不同，可能導致資料遺失
D:\OSU\CS 550 - Computer Graphics\Project\final\SampleFreeGlut2019\sample.cpp(1271,22): warning C4244: '引數': 將 'double' 轉換為 'float'，由於類型不同，可能導致資料遺失
D:\OSU\CS 550 - Computer Graphics\Project\final\SampleFreeGlut2019\sample.cpp(1275,37): warning C4244: '=': 將 'double' 轉換為 'float'，由於類型不同，可能導致資料遺失
D:\OSU\CS 550 - Computer Graphics\Project\final\SampleFreeGlut2019\sample.cpp(1277,12): warning C4244: '正在初始化': 將 'double' 轉換為 'float'，由於類型不同，可能導致資料遺失
D:\OSU\CS 550 - Computer Graphics\Project\final\SampleFreeGlut2019\sample.cpp(1279,12): warning C4244: '正在初始化': 將 'double' 轉換為 'float'，由於類型不同，可能導致資料遺失
D:\OSU\CS 550 - Computer Graphics\Project\final\SampleFreeGlut2019\sample.cpp(1288,28): warning C4305: '引數': 從 'double' 轉換為 'GLfloat'，是由較大的類型轉換為較小的類型，可能導致資料遺失
D:\OSU\CS 550 - Computer Graphics\Project\final\SampleFreeGlut2019\sample.cpp(1289,62): warning C4244: '引數': 將 'double' 轉換為 'GLfloat'，由於類型不同，可能導致資料遺失
D:\OSU\CS 550 - Computer Graphics\Project\final\SampleFreeGlut2019\sample.cpp(1289,19): warning C4244: '引數': 將 'double' 轉換為 'GLfloat'，由於類型不同，可能導致資料遺失
D:\OSU\CS 550 - Computer Graphics\Project\final\SampleFreeGlut2019\sample.cpp(1297,26): warning C4244: '引數': 將 'double' 轉換為 'int'，由於類型不同，可能導致資料遺失
D:\OSU\CS 550 - Computer Graphics\Project\final\SampleFreeGlut2019\sample.cpp(1297,19): warning C4244: '引數': 將 'double' 轉換為 'int'，由於類型不同，可能導致資料遺失
D:\OSU\CS 550 - Computer Graphics\Project\final\SampleFreeGlut2019\sample.cpp(1297,32): warning C4305: '引數': 從 'double' 轉換為 'float'，是由較大的類型轉換為較小的類型，可能導致資料遺失
D:\OSU\CS 550 - Computer Graphics\Project\final\SampleFreeGlut2019\sample.cpp(1307,30): warning C4305: '引數': 從 'double' 轉換為 'GLfloat'，是由較大的類型轉換為較小的類型，可能導致資料遺失
D:\OSU\CS 550 - Computer Graphics\Project\final\SampleFreeGlut2019\sample.cpp(1309,67): warning C4244: '引數': 將 'double' 轉換為 'float'，由於類型不同，可能導致資料遺失
D:\OSU\CS 550 - Computer Graphics\Project\final\SampleFreeGlut2019\sample.cpp(1309,22): warning C4244: '引數': 將 'double' 轉換為 'float'，由於類型不同，可能導致資料遺失
D:\OSU\CS 550 - Computer Graphics\Project\final\SampleFreeGlut2019\sample.cpp(1313,37): warning C4244: '=': 將 'double' 轉換為 'float'，由於類型不同，可能導致資料遺失
D:\OSU\CS 550 - Computer Graphics\Project\final\SampleFreeGlut2019\sample.cpp(1315,12): warning C4244: '正在初始化': 將 'double' 轉換為 'float'，由於類型不同，可能導致資料遺失
D:\OSU\CS 550 - Computer Graphics\Project\final\SampleFreeGlut2019\sample.cpp(1317,12): warning C4244: '正在初始化': 將 'double' 轉換為 'float'，由於類型不同，可能導致資料遺失
D:\OSU\CS 550 - Computer Graphics\Project\final\SampleFreeGlut2019\sample.cpp(1326,29): warning C4305: '引數': 從 'double' 轉換為 'GLfloat'，是由較大的類型轉換為較小的類型，可能導致資料遺失
D:\OSU\CS 550 - Computer Graphics\Project\final\SampleFreeGlut2019\sample.cpp(1327,62): warning C4244: '引數': 將 'double' 轉換為 'GLfloat'，由於類型不同，可能導致資料遺失
D:\OSU\CS 550 - Computer Graphics\Project\final\SampleFreeGlut2019\sample.cpp(1327,19): warning C4244: '引數': 將 'double' 轉換為 'GLfloat'，由於類型不同，可能導致資料遺失
D:\OSU\CS 550 - Computer Graphics\Project\final\SampleFreeGlut2019\sample.cpp(1335,25): warning C4244: '引數': 將 'double' 轉換為 'int'，由於類型不同，可能導致資料遺失
D:\OSU\CS 550 - Computer Graphics\Project\final\SampleFreeGlut2019\sample.cpp(1335,18): warning C4244: '引數': 將 'double' 轉換為 'int'，由於類型不同，可能導致資料遺失
D:\OSU\CS 550 - Computer Graphics\Project\final\SampleFreeGlut2019\sample.cpp(1335,31): warning C4305: '引數': 從 'double' 轉換為 'float'，是由較大的類型轉換為較小的類型，可能導致資料遺失
D:\OSU\CS 550 - Computer Graphics\Project\final\SampleFreeGlut2019\sample.cpp(2388,13): warning C4244: '正在初始化': 將 'double' 轉換為 'float'，由於類型不同，可能導致資料遺失
D:\OSU\CS 550 - Computer Graphics\Project\final\SampleFreeGlut2019\sample.cpp(2389,12): warning C4244: '正在初始化': 將 'double' 轉換為 'float'，由於類型不同，可能導致資料遺失
D:\OSU\CS 550 - Computer Graphics\Project\final\SampleFreeGlut2019\sample.cpp(2390,11): warning C4244: '正在初始化': 將 'double' 轉換為 'float'，由於類型不同，可能導致資料遺失
D:\OSU\CS 550 - Computer Graphics\Project\final\SampleFreeGlut2019\sample.cpp(2393,14): warning C4244: '正在初始化': 將 'double' 轉換為 'float'，由於類型不同，可能導致資料遺失
D:\OSU\CS 550 - Computer Graphics\Project\final\SampleFreeGlut2019\sample.cpp(2394,12): warning C4244: '正在初始化': 將 'double' 轉換為 'float'，由於類型不同，可能導致資料遺失
D:\OSU\CS 550 - Computer Graphics\Project\final\SampleFreeGlut2019\sample.cpp(2395,12): warning C4244: '正在初始化': 將 'double' 轉換為 'float'，由於類型不同，可能導致資料遺失
D:\OSU\CS 550 - Computer Graphics\Project\final\SampleFreeGlut2019\sample.cpp(2405,39): warning C4244: '=': 將 'double' 轉換為 'float'，由於類型不同，可能導致資料遺失
D:\OSU\CS 550 - Computer Graphics\Project\final\SampleFreeGlut2019\sample.cpp(2406,30): warning C4244: '=': 將 'double' 轉換為 'float'，由於類型不同，可能導致資料遺失
D:\OSU\CS 550 - Computer Graphics\Project\final\SampleFreeGlut2019\sample.cpp(2410,25): warning C4244: '=': 將 'double' 轉換為 'float'，由於類型不同，可能導致資料遺失
D:\OSU\CS 550 - Computer Graphics\Project\final\SampleFreeGlut2019\sample.cpp(2411,30): warning C4244: '=': 將 'double' 轉換為 'float'，由於類型不同，可能導致資料遺失
D:\OSU\CS 550 - Computer Graphics\Project\final\SampleFreeGlut2019\sample.cpp(2519,13): warning C4244: '正在初始化': 將 'double' 轉換為 'float'，由於類型不同，可能導致資料遺失
D:\OSU\CS 550 - Computer Graphics\Project\final\SampleFreeGlut2019\sample.cpp(2520,12): warning C4244: '正在初始化': 將 'double' 轉換為 'float'，由於類型不同，可能導致資料遺失
D:\OSU\CS 550 - Computer Graphics\Project\final\SampleFreeGlut2019\sample.cpp(2521,11): warning C4244: '正在初始化': 將 'double' 轉換為 'float'，由於類型不同，可能導致資料遺失
D:\OSU\CS 550 - Computer Graphics\Project\final\SampleFreeGlut2019\sample.cpp(2524,14): warning C4244: '正在初始化': 將 'double' 轉換為 'float'，由於類型不同，可能導致資料遺失
D:\OSU\CS 550 - Computer Graphics\Project\final\SampleFreeGlut2019\sample.cpp(2525,12): warning C4244: '正在初始化': 將 'double' 轉換為 'float'，由於類型不同，可能導致資料遺失
D:\OSU\CS 550 - Computer Graphics\Project\final\SampleFreeGlut2019\sample.cpp(2526,12): warning C4244: '正在初始化': 將 'double' 轉換為 'float'，由於類型不同，可能導致資料遺失
D:\OSU\CS 550 - Computer Graphics\Project\final\SampleFreeGlut2019\sample.cpp(2536,39): warning C4244: '=': 將 'double' 轉換為 'float'，由於類型不同，可能導致資料遺失
D:\OSU\CS 550 - Computer Graphics\Project\final\SampleFreeGlut2019\sample.cpp(2537,30): warning C4244: '=': 將 'double' 轉換為 'float'，由於類型不同，可能導致資料遺失
D:\OSU\CS 550 - Computer Graphics\Project\final\SampleFreeGlut2019\sample.cpp(2541,25): warning C4244: '=': 將 'double' 轉換為 'float'，由於類型不同，可能導致資料遺失
D:\OSU\CS 550 - Computer Graphics\Project\final\SampleFreeGlut2019\sample.cpp(2542,30): warning C4244: '=': 將 'double' 轉換為 'float'，由於類型不同，可能導致資料遺失
D:\OSU\CS 550 - Computer Graphics\Project\final\SampleFreeGlut2019\sample.cpp(2758,14): warning C4244: '=': 將 'double' 轉換為 'float'，由於類型不同，可能導致資料遺失
sample.obj : warning LNK4075: 忽略 '/EDITANDCONTINUE'，由於 '/INCREMENTAL:NO' 規格
  Sample.vcxproj -> D:\OSU\CS 550 - Computer Graphics\Project\final\SampleFreeGlut2019\.\Debug\Sample.exe
