  sample.cpp
C:\Users\wsc\Desktop\SampleFreeGlut2019\sample.cpp(460,27): warning C4305: '引數': 從 'double' 轉換為 'GLfloat'，是由較大的類型轉換為較小的類型，可能導致資料遺失
C:\Users\wsc\Desktop\SampleFreeGlut2019\sample.cpp(844,22): warning C4305: '正在初始化': 從 'double' 轉換為 'float'，是由較大的類型轉換為較小的類型，可能導致資料遺失
C:\Users\wsc\Desktop\SampleFreeGlut2019\sample.cpp(854,62): warning C4244: '引數': 將 'double' 轉換為 'GLfloat'，由於類型不同，可能導致資料遺失
C:\Users\wsc\Desktop\SampleFreeGlut2019\sample.cpp(854,23): warning C4244: '引數': 將 'double' 轉換為 'GLfloat'，由於類型不同，可能導致資料遺失
C:\Users\wsc\Desktop\SampleFreeGlut2019\sample.cpp(863,62): warning C4244: '引數': 將 'double' 轉換為 'GLfloat'，由於類型不同，可能導致資料遺失
C:\Users\wsc\Desktop\SampleFreeGlut2019\sample.cpp(863,23): warning C4244: '引數': 將 'double' 轉換為 'GLfloat'，由於類型不同，可能導致資料遺失
C:\Users\wsc\Desktop\SampleFreeGlut2019\sample.cpp(869,25): warning C4305: '引數': 從 'double' 轉換為 'GLfloat'，是由較大的類型轉換為較小的類型，可能導致資料遺失
C:\Users\wsc\Desktop\SampleFreeGlut2019\sample.cpp(872,62): warning C4244: '引數': 將 'double' 轉換為 'GLfloat'，由於類型不同，可能導致資料遺失
C:\Users\wsc\Desktop\SampleFreeGlut2019\sample.cpp(872,28): warning C4244: '引數': 將 'double' 轉換為 'GLfloat'，由於類型不同，可能導致資料遺失
C:\Users\wsc\Desktop\SampleFreeGlut2019\sample.cpp(877,25): warning C4305: '引數': 從 'double' 轉換為 'GLfloat'，是由較大的類型轉換為較小的類型，可能導致資料遺失
C:\Users\wsc\Desktop\SampleFreeGlut2019\sample.cpp(881,62): warning C4244: '引數': 將 'double' 轉換為 'GLfloat'，由於類型不同，可能導致資料遺失
C:\Users\wsc\Desktop\SampleFreeGlut2019\sample.cpp(881,28): warning C4244: '引數': 將 'double' 轉換為 'GLfloat'，由於類型不同，可能導致資料遺失
C:\Users\wsc\Desktop\SampleFreeGlut2019\sample.cpp(890,57): warning C4244: '引數': 將 'double' 轉換為 'GLfloat'，由於類型不同，可能導致資料遺失
C:\Users\wsc\Desktop\SampleFreeGlut2019\sample.cpp(890,23): warning C4244: '引數': 將 'double' 轉換為 'GLfloat'，由於類型不同，可能導致資料遺失
C:\Users\wsc\Desktop\SampleFreeGlut2019\sample.cpp(895,24): warning C4305: '引數': 從 'double' 轉換為 'GLfloat'，是由較大的類型轉換為較小的類型，可能導致資料遺失
C:\Users\wsc\Desktop\SampleFreeGlut2019\sample.cpp(899,57): warning C4244: '引數': 將 'double' 轉換為 'GLfloat'，由於類型不同，可能導致資料遺失
C:\Users\wsc\Desktop\SampleFreeGlut2019\sample.cpp(899,23): warning C4244: '引數': 將 'double' 轉換為 'GLfloat'，由於類型不同，可能導致資料遺失
C:\Users\wsc\Desktop\SampleFreeGlut2019\sample.cpp(906,25): warning C4305: '引數': 從 'double' 轉換為 'GLfloat'，是由較大的類型轉換為較小的類型，可能導致資料遺失
C:\Users\wsc\Desktop\SampleFreeGlut2019\sample.cpp(909,57): warning C4244: '引數': 將 'double' 轉換為 'GLfloat'，由於類型不同，可能導致資料遺失
C:\Users\wsc\Desktop\SampleFreeGlut2019\sample.cpp(909,23): warning C4244: '引數': 將 'double' 轉換為 'GLfloat'，由於類型不同，可能導致資料遺失
C:\Users\wsc\Desktop\SampleFreeGlut2019\sample.cpp(914,25): warning C4305: '引數': 從 'double' 轉換為 'GLfloat'，是由較大的類型轉換為較小的類型，可能導致資料遺失
C:\Users\wsc\Desktop\SampleFreeGlut2019\sample.cpp(918,57): warning C4244: '引數': 將 'double' 轉換為 'GLfloat'，由於類型不同，可能導致資料遺失
C:\Users\wsc\Desktop\SampleFreeGlut2019\sample.cpp(918,23): warning C4244: '引數': 將 'double' 轉換為 'GLfloat'，由於類型不同，可能導致資料遺失
C:\Users\wsc\Desktop\SampleFreeGlut2019\sample.cpp(923,25): warning C4305: '引數': 從 'double' 轉換為 'GLfloat'，是由較大的類型轉換為較小的類型，可能導致資料遺失
C:\Users\wsc\Desktop\SampleFreeGlut2019\sample.cpp(926,63): warning C4244: '引數': 將 'double' 轉換為 'GLfloat'，由於類型不同，可能導致資料遺失
C:\Users\wsc\Desktop\SampleFreeGlut2019\sample.cpp(926,29): warning C4244: '引數': 將 'double' 轉換為 'GLfloat'，由於類型不同，可能導致資料遺失
C:\Users\wsc\Desktop\SampleFreeGlut2019\sample.cpp(931,25): warning C4305: '引數': 從 'double' 轉換為 'GLfloat'，是由較大的類型轉換為較小的類型，可能導致資料遺失
C:\Users\wsc\Desktop\SampleFreeGlut2019\sample.cpp(935,63): warning C4244: '引數': 將 'double' 轉換為 'GLfloat'，由於類型不同，可能導致資料遺失
C:\Users\wsc\Desktop\SampleFreeGlut2019\sample.cpp(935,29): warning C4244: '引數': 將 'double' 轉換為 'GLfloat'，由於類型不同，可能導致資料遺失
C:\Users\wsc\Desktop\SampleFreeGlut2019\sample.cpp(945,63): warning C4244: '引數': 將 'double' 轉換為 'GLfloat'，由於類型不同，可能導致資料遺失
C:\Users\wsc\Desktop\SampleFreeGlut2019\sample.cpp(945,23): warning C4244: '引數': 將 'double' 轉換為 'GLfloat'，由於類型不同，可能導致資料遺失
C:\Users\wsc\Desktop\SampleFreeGlut2019\sample.cpp(954,63): warning C4244: '引數': 將 'double' 轉換為 'GLfloat'，由於類型不同，可能導致資料遺失
C:\Users\wsc\Desktop\SampleFreeGlut2019\sample.cpp(954,23): warning C4244: '引數': 將 'double' 轉換為 'GLfloat'，由於類型不同，可能導致資料遺失
C:\Users\wsc\Desktop\SampleFreeGlut2019\sample.cpp(990,43): warning C4305: '引數': 從 'double' 轉換為 'GLfloat'，是由較大的類型轉換為較小的類型，可能導致資料遺失
C:\Users\wsc\Desktop\SampleFreeGlut2019\sample.cpp(992,44): warning C4305: '引數': 從 'double' 轉換為 'GLfloat'，是由較大的類型轉換為較小的類型，可能導致資料遺失
C:\Users\wsc\Desktop\SampleFreeGlut2019\sample.cpp(994,45): warning C4305: '引數': 從 'double' 轉換為 'GLfloat'，是由較大的類型轉換為較小的類型，可能導致資料遺失
C:\Users\wsc\Desktop\SampleFreeGlut2019\sample.cpp(996,44): warning C4305: '引數': 從 'double' 轉換為 'GLfloat'，是由較大的類型轉換為較小的類型，可能導致資料遺失
sample.obj : warning LNK4075: 忽略 '/EDITANDCONTINUE'，由於 '/INCREMENTAL:NO' 規格
  Sample.vcxproj -> C:\Users\wsc\Desktop\SampleFreeGlut2019\.\Debug\Sample.exe
